[Thu Jan 15 08:41:18.842177 2026] [ssl:warn] [pid 8324:tid 504] AH01909: www.example.com:443:0 server certificate does NOT include an ID which matches the server name
[Thu Jan 15 08:41:18.920964 2026] [ssl:warn] [pid 8324:tid 504] AH01909: www.example.com:443:0 server certificate does NOT include an ID which matches the server name
[Thu Jan 15 08:41:19.171296 2026] [mpm_winnt:notice] [pid 8324:tid 504] AH00455: Apache/2.4.58 (Win64) OpenSSL/3.1.3 PHP/8.2.12 configured -- resuming normal operations
[Thu Jan 15 08:41:19.171296 2026] [mpm_winnt:notice] [pid 8324:tid 504] AH00456: Apache Lounge VS17 Server built: Oct 18 2023 13:03:18
[Thu Jan 15 08:41:19.171296 2026] [core:notice] [pid 8324:tid 504] AH00094: Command line: 'C:\\xampp\\apache\\bin\\httpd.exe -d C:/xampp/apache'
[Thu Jan 15 08:41:19.185273 2026] [mpm_winnt:notice] [pid 8324:tid 504] AH00418: Parent: Created child process 9484
[Thu Jan 15 08:41:21.436986 2026] [ssl:warn] [pid 9484:tid 484] AH01909: www.example.com:443:0 server certificate does NOT include an ID which matches the server name
[Thu Jan 15 08:41:21.502789 2026] [ssl:warn] [pid 9484:tid 484] AH01909: www.example.com:443:0 server certificate does NOT include an ID which matches the server name
[Thu Jan 15 08:41:21.563624 2026] [mpm_winnt:notice] [pid 9484:tid 484] AH00354: Child: Starting 150 worker threads.
[Thu Jan 15 08:43:05.215793 2026] [ssl:warn] [pid 12928:tid 504] AH01909: www.example.com:443:0 server certificate does NOT include an ID which matches the server name
[Thu Jan 15 08:43:05.262619 2026] [ssl:warn] [pid 12928:tid 504] AH01909: www.example.com:443:0 server certificate does NOT include an ID which matches the server name
[Thu Jan 15 08:43:05.309485 2026] [mpm_winnt:notice] [pid 12928:tid 504] AH00455: Apache/2.4.58 (Win64) OpenSSL/3.1.3 PHP/8.2.12 configured -- resuming normal operations
[Thu Jan 15 08:43:05.309485 2026] [mpm_winnt:notice] [pid 12928:tid 504] AH00456: Apache Lounge VS17 Server built: Oct 18 2023 13:03:18
[Thu Jan 15 08:43:05.309485 2026] [core:notice] [pid 12928:tid 504] AH00094: Command line: 'c:\\xampp\\apache\\bin\\httpd.exe -d C:/xampp/apache'
[Thu Jan 15 08:43:05.325105 2026] [mpm_winnt:notice] [pid 12928:tid 504] AH00418: Parent: Created child process 4872
[Thu Jan 15 08:43:05.871884 2026] [ssl:warn] [pid 4872:tid 512] AH01909: www.example.com:443:0 server certificate does NOT include an ID which matches the server name
[Thu Jan 15 08:43:05.918740 2026] [ssl:warn] [pid 4872:tid 512] AH01909: www.example.com:443:0 server certificate does NOT include an ID which matches the server name
[Thu Jan 15 08:43:05.965578 2026] [mpm_winnt:notice] [pid 4872:tid 512] AH00354: Child: Starting 150 worker threads.
[Thu Jan 15 09:54:52.147276 2026] [php:error] [pid 4872:tid 1948] [client ::1:57641] script 'C:/xampp/htdocs/Guest_reservation.php' not found or unable to stat
[Thu Jan 15 09:55:50.294287 2026] [php:error] [pid 4872:tid 1960] [client ::1:60068] PHP Fatal error:  Uncaught Error: Call to undefined function my_sqli_connect() in C:\\xampp\\htdocs\\Guest_Reservation_app\\Guest_reservation.php:13\nStack trace:\n#0 {main}\n  thrown in C:\\xampp\\htdocs\\Guest_Reservation_app\\Guest_reservation.php on line 13
[Thu Jan 15 09:56:56.014264 2026] [php:error] [pid 4872:tid 1960] [client ::1:56700] PHP Fatal error:  Uncaught Error: Call to undefined function my_sqli_connect() in C:\\xampp\\htdocs\\Guest_Reservation_app\\Guest_reservation.php:13\nStack trace:\n#0 {main}\n  thrown in C:\\xampp\\htdocs\\Guest_Reservation_app\\Guest_reservation.php on line 13
[Thu Jan 15 11:07:22.973425 2026] [php:error] [pid 4872:tid 1948] [client ::1:53841] PHP Fatal error:  Uncaught Error: Call to undefined function my_sqli_connect() in C:\\xampp\\htdocs\\Guest_Reservation_app\\Guest_reservation.php:13\nStack trace:\n#0 {main}\n  thrown in C:\\xampp\\htdocs\\Guest_Reservation_app\\Guest_reservation.php on line 13
[Thu Jan 15 11:07:24.051694 2026] [php:error] [pid 4872:tid 1948] [client ::1:53841] PHP Fatal error:  Uncaught Error: Call to undefined function my_sqli_connect() in C:\\xampp\\htdocs\\Guest_Reservation_app\\Guest_reservation.php:13\nStack trace:\n#0 {main}\n  thrown in C:\\xampp\\htdocs\\Guest_Reservation_app\\Guest_reservation.php on line 13
[Thu Jan 15 11:08:04.962503 2026] [php:error] [pid 4872:tid 1960] [client ::1:65123] PHP Fatal error:  Uncaught Error: Call to undefined function my_sqli_connect() in C:\\xampp\\htdocs\\Guest_Reservation_app\\Guest_reservation.php:13\nStack trace:\n#0 {main}\n  thrown in C:\\xampp\\htdocs\\Guest_Reservation_app\\Guest_reservation.php on line 13
[Thu Jan 15 11:08:06.440516 2026] [php:error] [pid 4872:tid 1960] [client ::1:65123] PHP Fatal error:  Uncaught Error: Call to undefined function my_sqli_connect() in C:\\xampp\\htdocs\\Guest_Reservation_app\\Guest_reservation.php:13\nStack trace:\n#0 {main}\n  thrown in C:\\xampp\\htdocs\\Guest_Reservation_app\\Guest_reservation.php on line 13
[Thu Jan 15 11:20:45.271502 2026] [php:error] [pid 4872:tid 1948] [client ::1:59380] PHP Fatal error:  Uncaught Error: Call to undefined function my_sqli() in C:\\xampp\\htdocs\\Guest_Reservation_app\\Guest_reservation.php:13\nStack trace:\n#0 {main}\n  thrown in C:\\xampp\\htdocs\\Guest_Reservation_app\\Guest_reservation.php on line 13
[Thu Jan 15 11:21:57.290955 2026] [php:error] [pid 4872:tid 1960] [client ::1:55093] PHP Fatal error:  Uncaught Error: Call to undefined function my_sqli_connect() in C:\\xampp\\htdocs\\Guest_Reservation_app\\Guest_reservation.php:13\nStack trace:\n#0 {main}\n  thrown in C:\\xampp\\htdocs\\Guest_Reservation_app\\Guest_reservation.php on line 13
[Thu Jan 15 11:21:58.142918 2026] [php:error] [pid 4872:tid 1960] [client ::1:55093] PHP Fatal error:  Uncaught Error: Call to undefined function my_sqli_connect() in C:\\xampp\\htdocs\\Guest_Reservation_app\\Guest_reservation.php:13\nStack trace:\n#0 {main}\n  thrown in C:\\xampp\\htdocs\\Guest_Reservation_app\\Guest_reservation.php on line 13
[Thu Jan 15 11:21:58.837193 2026] [php:error] [pid 4872:tid 1960] [client ::1:55093] PHP Fatal error:  Uncaught Error: Call to undefined function my_sqli_connect() in C:\\xampp\\htdocs\\Guest_Reservation_app\\Guest_reservation.php:13\nStack trace:\n#0 {main}\n  thrown in C:\\xampp\\htdocs\\Guest_Reservation_app\\Guest_reservation.php on line 13
[Thu Jan 15 11:21:59.028849 2026] [php:error] [pid 4872:tid 1960] [client ::1:55093] PHP Fatal error:  Uncaught Error: Call to undefined function my_sqli_connect() in C:\\xampp\\htdocs\\Guest_Reservation_app\\Guest_reservation.php:13\nStack trace:\n#0 {main}\n  thrown in C:\\xampp\\htdocs\\Guest_Reservation_app\\Guest_reservation.php on line 13
[Thu Jan 15 11:21:59.256522 2026] [php:error] [pid 4872:tid 1960] [client ::1:55093] PHP Fatal error:  Uncaught Error: Call to undefined function my_sqli_connect() in C:\\xampp\\htdocs\\Guest_Reservation_app\\Guest_reservation.php:13\nStack trace:\n#0 {main}\n  thrown in C:\\xampp\\htdocs\\Guest_Reservation_app\\Guest_reservation.php on line 13
[Thu Jan 15 11:51:34.215189 2026] [php:error] [pid 4872:tid 1948] [client ::1:52797] PHP Fatal error:  Uncaught Error: Call to undefined function my_sqli_connect() in C:\\xampp\\htdocs\\Guest_Reservation_app\\Guest_reservation.php:13\nStack trace:\n#0 {main}\n  thrown in C:\\xampp\\htdocs\\Guest_Reservation_app\\Guest_reservation.php on line 13
[Thu Jan 15 11:51:35.017123 2026] [php:error] [pid 4872:tid 1948] [client ::1:52797] PHP Fatal error:  Uncaught Error: Call to undefined function my_sqli_connect() in C:\\xampp\\htdocs\\Guest_Reservation_app\\Guest_reservation.php:13\nStack trace:\n#0 {main}\n  thrown in C:\\xampp\\htdocs\\Guest_Reservation_app\\Guest_reservation.php on line 13
[Thu Jan 15 12:28:14.826979 2026] [php:error] [pid 4872:tid 1960] [client ::1:57827] PHP Fatal error:  Uncaught Error: Call to undefined function my_sqli_connect() in C:\\xampp\\htdocs\\Guest_Reservation_app\\Guest_reservation.php:13\nStack trace:\n#0 {main}\n  thrown in C:\\xampp\\htdocs\\Guest_Reservation_app\\Guest_reservation.php on line 13
[Thu Jan 15 12:32:55.736093 2026] [php:error] [pid 4872:tid 1948] [client ::1:51639] PHP Fatal error:  Uncaught Error: Call to undefined function my_sqli_connect() in C:\\xampp\\htdocs\\Guest_Reservation_app\\Guest_reservation.php:13\nStack trace:\n#0 {main}\n  thrown in C:\\xampp\\htdocs\\Guest_Reservation_app\\Guest_reservation.php on line 13
[Thu Jan 15 12:32:56.909852 2026] [php:error] [pid 4872:tid 1948] [client ::1:51639] PHP Fatal error:  Uncaught Error: Call to undefined function my_sqli_connect() in C:\\xampp\\htdocs\\Guest_Reservation_app\\Guest_reservation.php:13\nStack trace:\n#0 {main}\n  thrown in C:\\xampp\\htdocs\\Guest_Reservation_app\\Guest_reservation.php on line 13
[Thu Jan 15 12:32:57.740283 2026] [php:error] [pid 4872:tid 1948] [client ::1:51639] PHP Fatal error:  Uncaught Error: Call to undefined function my_sqli_connect() in C:\\xampp\\htdocs\\Guest_Reservation_app\\Guest_reservation.php:13\nStack trace:\n#0 {main}\n  thrown in C:\\xampp\\htdocs\\Guest_Reservation_app\\Guest_reservation.php on line 13
[Thu Jan 15 12:32:58.794643 2026] [php:error] [pid 4872:tid 1948] [client ::1:51639] PHP Fatal error:  Uncaught Error: Call to undefined function my_sqli_connect() in C:\\xampp\\htdocs\\Guest_Reservation_app\\Guest_reservation.php:13\nStack trace:\n#0 {main}\n  thrown in C:\\xampp\\htdocs\\Guest_Reservation_app\\Guest_reservation.php on line 13
[Thu Jan 15 12:33:41.184654 2026] [php:error] [pid 4872:tid 1960] [client ::1:54129] PHP Fatal error:  Uncaught Error: Call to undefined function my_sqli_connect() in C:\\xampp\\htdocs\\Guest_Reservation_app\\Guest_reservation.php:13\nStack trace:\n#0 {main}\n  thrown in C:\\xampp\\htdocs\\Guest_Reservation_app\\Guest_reservation.php on line 13
[Thu Jan 15 12:33:42.128784 2026] [php:error] [pid 4872:tid 1960] [client ::1:54129] PHP Fatal error:  Uncaught Error: Call to undefined function my_sqli_connect() in C:\\xampp\\htdocs\\Guest_Reservation_app\\Guest_reservation.php:13\nStack trace:\n#0 {main}\n  thrown in C:\\xampp\\htdocs\\Guest_Reservation_app\\Guest_reservation.php on line 13
[Thu Jan 15 12:33:42.287223 2026] [php:error] [pid 4872:tid 1960] [client ::1:54129] PHP Fatal error:  Uncaught Error: Call to undefined function my_sqli_connect() in C:\\xampp\\htdocs\\Guest_Reservation_app\\Guest_reservation.php:13\nStack trace:\n#0 {main}\n  thrown in C:\\xampp\\htdocs\\Guest_Reservation_app\\Guest_reservation.php on line 13
[Thu Jan 15 12:33:42.457310 2026] [php:error] [pid 4872:tid 1960] [client ::1:54129] PHP Fatal error:  Uncaught Error: Call to undefined function my_sqli_connect() in C:\\xampp\\htdocs\\Guest_Reservation_app\\Guest_reservation.php:13\nStack trace:\n#0 {main}\n  thrown in C:\\xampp\\htdocs\\Guest_Reservation_app\\Guest_reservation.php on line 13
[Thu Jan 15 12:33:42.603569 2026] [php:error] [pid 4872:tid 1960] [client ::1:54129] PHP Fatal error:  Uncaught Error: Call to undefined function my_sqli_connect() in C:\\xampp\\htdocs\\Guest_Reservation_app\\Guest_reservation.php:13\nStack trace:\n#0 {main}\n  thrown in C:\\xampp\\htdocs\\Guest_Reservation_app\\Guest_reservation.php on line 13
[Thu Jan 15 12:33:42.737606 2026] [php:error] [pid 4872:tid 1960] [client ::1:54129] PHP Fatal error:  Uncaught Error: Call to undefined function my_sqli_connect() in C:\\xampp\\htdocs\\Guest_Reservation_app\\Guest_reservation.php:13\nStack trace:\n#0 {main}\n  thrown in C:\\xampp\\htdocs\\Guest_Reservation_app\\Guest_reservation.php on line 13
[Thu Jan 15 12:33:42.905725 2026] [php:error] [pid 4872:tid 1960] [client ::1:54129] PHP Fatal error:  Uncaught Error: Call to undefined function my_sqli_connect() in C:\\xampp\\htdocs\\Guest_Reservation_app\\Guest_reservation.php:13\nStack trace:\n#0 {main}\n  thrown in C:\\xampp\\htdocs\\Guest_Reservation_app\\Guest_reservation.php on line 13
[Thu Jan 15 12:33:43.120444 2026] [php:error] [pid 4872:tid 1960] [client ::1:54129] PHP Fatal error:  Uncaught Error: Call to undefined function my_sqli_connect() in C:\\xampp\\htdocs\\Guest_Reservation_app\\Guest_reservation.php:13\nStack trace:\n#0 {main}\n  thrown in C:\\xampp\\htdocs\\Guest_Reservation_app\\Guest_reservation.php on line 13
[Thu Jan 15 12:39:03.387684 2026] [php:error] [pid 4872:tid 1948] [client ::1:63203] PHP Fatal error:  Uncaught Error: Call to undefined function my_sqli_connect() in C:\\xampp\\htdocs\\Guest_Reservation_app\\Guest_reservation.php:13\nStack trace:\n#0 {main}\n  thrown in C:\\xampp\\htdocs\\Guest_Reservation_app\\Guest_reservation.php on line 13
[Thu Jan 15 13:05:03.939489 2026] [php:error] [pid 4872:tid 1960] [client ::1:53525] PHP Fatal error:  Uncaught Error: Call to undefined function my_sqli_connect() in C:\\xampp\\htdocs\\Guest_Reservation_app\\Guest_reservation.php:13\nStack trace:\n#0 {main}\n  thrown in C:\\xampp\\htdocs\\Guest_Reservation_app\\Guest_reservation.php on line 13
[Fri Jan 16 12:40:50.196960 2026] [php:error] [pid 4872:tid 1948] [client ::1:61244] PHP Fatal error:  Uncaught Error: Call to undefined function my_sqli_connect() in C:\\xampp\\htdocs\\Guest_Reservation_app\\Guest_reservation.php:13\nStack trace:\n#0 {main}\n  thrown in C:\\xampp\\htdocs\\Guest_Reservation_app\\Guest_reservation.php on line 13
[Fri Jan 16 12:40:52.560650 2026] [php:error] [pid 4872:tid 1948] [client ::1:61244] PHP Fatal error:  Uncaught Error: Call to undefined function my_sqli_connect() in C:\\xampp\\htdocs\\Guest_Reservation_app\\Guest_reservation.php:13\nStack trace:\n#0 {main}\n  thrown in C:\\xampp\\htdocs\\Guest_Reservation_app\\Guest_reservation.php on line 13
[Fri Jan 16 12:40:53.443360 2026] [php:error] [pid 4872:tid 1948] [client ::1:61244] PHP Fatal error:  Uncaught Error: Call to undefined function my_sqli_connect() in C:\\xampp\\htdocs\\Guest_Reservation_app\\Guest_reservation.php:13\nStack trace:\n#0 {main}\n  thrown in C:\\xampp\\htdocs\\Guest_Reservation_app\\Guest_reservation.php on line 13
[Fri Jan 16 12:40:53.643251 2026] [php:error] [pid 4872:tid 1948] [client ::1:61244] PHP Fatal error:  Uncaught Error: Call to undefined function my_sqli_connect() in C:\\xampp\\htdocs\\Guest_Reservation_app\\Guest_reservation.php:13\nStack trace:\n#0 {main}\n  thrown in C:\\xampp\\htdocs\\Guest_Reservation_app\\Guest_reservation.php on line 13
[Fri Jan 16 12:40:53.801068 2026] [php:error] [pid 4872:tid 1948] [client ::1:61244] PHP Fatal error:  Uncaught Error: Call to undefined function my_sqli_connect() in C:\\xampp\\htdocs\\Guest_Reservation_app\\Guest_reservation.php:13\nStack trace:\n#0 {main}\n  thrown in C:\\xampp\\htdocs\\Guest_Reservation_app\\Guest_reservation.php on line 13
[Fri Jan 16 12:40:53.974021 2026] [php:error] [pid 4872:tid 1948] [client ::1:61244] PHP Fatal error:  Uncaught Error: Call to undefined function my_sqli_connect() in C:\\xampp\\htdocs\\Guest_Reservation_app\\Guest_reservation.php:13\nStack trace:\n#0 {main}\n  thrown in C:\\xampp\\htdocs\\Guest_Reservation_app\\Guest_reservation.php on line 13
[Fri Jan 16 12:40:54.192180 2026] [php:error] [pid 4872:tid 1948] [client ::1:61244] PHP Fatal error:  Uncaught Error: Call to undefined function my_sqli_connect() in C:\\xampp\\htdocs\\Guest_Reservation_app\\Guest_reservation.php:13\nStack trace:\n#0 {main}\n  thrown in C:\\xampp\\htdocs\\Guest_Reservation_app\\Guest_reservation.php on line 13
[Fri Jan 16 12:41:11.446224 2026] [php:error] [pid 4872:tid 1960] [client ::1:52525] PHP Fatal error:  Uncaught Error: Call to undefined function my_sqli_connect() in C:\\xampp\\htdocs\\Guest_Reservation_app\\Guest_reservation.php:13\nStack trace:\n#0 {main}\n  thrown in C:\\xampp\\htdocs\\Guest_Reservation_app\\Guest_reservation.php on line 13
[Fri Jan 16 12:41:29.490038 2026] [php:error] [pid 4872:tid 1948] [client ::1:59506] PHP Fatal error:  Uncaught Error: Call to undefined function my_sqli_connect() in C:\\xampp\\htdocs\\Guest_Reservation_app\\Guest_reservation.php:13\nStack trace:\n#0 {main}\n  thrown in C:\\xampp\\htdocs\\Guest_Reservation_app\\Guest_reservation.php on line 13
[Fri Jan 16 12:42:08.091902 2026] [php:error] [pid 4872:tid 1960] [client ::1:55042] PHP Fatal error:  Uncaught Error: Call to undefined function my_sqli_connect() in C:\\xampp\\htdocs\\Guest_Reservation_app\\Guest_reservation.php:13\nStack trace:\n#0 {main}\n  thrown in C:\\xampp\\htdocs\\Guest_Reservation_app\\Guest_reservation.php on line 13
[Fri Jan 16 12:42:59.979745 2026] [php:error] [pid 4872:tid 1948] [client ::1:61895] PHP Fatal error:  Uncaught Error: Call to undefined function my_sqli_connect() in C:\\xampp\\htdocs\\Guest_Reservation_app\\Guest_reservation.php:13\nStack trace:\n#0 {main}\n  thrown in C:\\xampp\\htdocs\\Guest_Reservation_app\\Guest_reservation.php on line 13
[Fri Jan 16 12:44:08.226565 2026] [php:error] [pid 4872:tid 1948] [client ::1:55239] PHP Fatal error:  Uncaught Error: Call to undefined function my_sqli_connect() in C:\\xampp\\htdocs\\Guest_Reservation_app\\Guest_reservation.php:13\nStack trace:\n#0 {main}\n  thrown in C:\\xampp\\htdocs\\Guest_Reservation_app\\Guest_reservation.php on line 13
[Fri Jan 16 12:44:52.443183 2026] [php:error] [pid 4872:tid 1960] [client ::1:54961] script 'C:/xampp/htdocs/Guest_reservation.php' not found or unable to stat
[Fri Jan 16 12:45:13.327204 2026] [php:error] [pid 4872:tid 1948] [client ::1:61617] PHP Fatal error:  Uncaught Error: Call to undefined function my_sqli_connect() in C:\\xampp\\htdocs\\Guest_Reservation_app\\Guest_reservation.php:13\nStack trace:\n#0 {main}\n  thrown in C:\\xampp\\htdocs\\Guest_Reservation_app\\Guest_reservation.php on line 13
[Fri Jan 16 12:45:58.967021 2026] [php:error] [pid 4872:tid 1960] [client ::1:60202] PHP Fatal error:  Uncaught Error: Call to undefined function my_sqli_connect() in C:\\xampp\\htdocs\\Guest_Reservation_app\\Guest_reservation.php:13\nStack trace:\n#0 {main}\n  thrown in C:\\xampp\\htdocs\\Guest_Reservation_app\\Guest_reservation.php on line 13
[Fri Jan 16 12:46:27.884528 2026] [php:error] [pid 4872:tid 1948] [client ::1:61595] PHP Fatal error:  Uncaught Error: Call to undefined function my_sqli_connect() in C:\\xampp\\htdocs\\Guest_Reservation_app\\Guest_reservation.php:13\nStack trace:\n#0 {main}\n  thrown in C:\\xampp\\htdocs\\Guest_Reservation_app\\Guest_reservation.php on line 13
[Fri Jan 16 12:46:28.767973 2026] [php:error] [pid 4872:tid 1948] [client ::1:61595] PHP Fatal error:  Uncaught Error: Call to undefined function my_sqli_connect() in C:\\xampp\\htdocs\\Guest_Reservation_app\\Guest_reservation.php:13\nStack trace:\n#0 {main}\n  thrown in C:\\xampp\\htdocs\\Guest_Reservation_app\\Guest_reservation.php on line 13
[Fri Jan 16 12:46:50.161782 2026] [ssl:warn] [pid 16596:tid 516] AH01909: www.example.com:443:0 server certificate does NOT include an ID which matches the server name
[Fri Jan 16 12:46:50.208623 2026] [core:warn] [pid 16596:tid 516] AH00098: pid file C:/xampp/apache/logs/httpd.pid overwritten -- Unclean shutdown of previous Apache run?
[Fri Jan 16 12:46:50.208623 2026] [ssl:warn] [pid 16596:tid 516] AH01909: www.example.com:443:0 server certificate does NOT include an ID which matches the server name
[Fri Jan 16 12:46:50.772091 2026] [mpm_winnt:notice] [pid 16596:tid 516] AH00455: Apache/2.4.58 (Win64) OpenSSL/3.1.3 PHP/8.2.12 configured -- resuming normal operations
[Fri Jan 16 12:46:50.772091 2026] [mpm_winnt:notice] [pid 16596:tid 516] AH00456: Apache Lounge VS17 Server built: Oct 18 2023 13:03:18
[Fri Jan 16 12:46:50.772091 2026] [core:notice] [pid 16596:tid 516] AH00094: Command line: 'c:\\xampp\\apache\\bin\\httpd.exe -d C:/xampp/apache'
[Fri Jan 16 12:46:50.787710 2026] [mpm_winnt:notice] [pid 16596:tid 516] AH00418: Parent: Created child process 10020
[Fri Jan 16 12:46:51.334422 2026] [ssl:warn] [pid 10020:tid 500] AH01909: www.example.com:443:0 server certificate does NOT include an ID which matches the server name
[Fri Jan 16 12:46:51.381285 2026] [ssl:warn] [pid 10020:tid 500] AH01909: www.example.com:443:0 server certificate does NOT include an ID which matches the server name
[Fri Jan 16 12:46:51.428183 2026] [mpm_winnt:notice] [pid 10020:tid 500] AH00354: Child: Starting 150 worker threads.
[Fri Jan 16 12:47:14.270354 2026] [php:error] [pid 10020:tid 2004] [client ::1:49782] PHP Fatal error:  Uncaught Error: Call to undefined function my_sqli_connect() in C:\\xampp\\htdocs\\Guest_Reservation_app\\Guest_reservation.php:13\nStack trace:\n#0 {main}\n  thrown in C:\\xampp\\htdocs\\Guest_Reservation_app\\Guest_reservation.php on line 13
[Fri Jan 16 12:47:30.314186 2026] [mpm_winnt:crit] [pid 10020:tid 500] AH02538: Child: Parent process exited abruptly. Child process is ending
[Fri Jan 16 12:51:06.492814 2026] [ssl:warn] [pid 7256:tid 476] AH01909: www.example.com:443:0 server certificate does NOT include an ID which matches the server name
[Fri Jan 16 12:51:06.533446 2026] [core:warn] [pid 7256:tid 476] AH00098: pid file C:/xampp/apache/logs/httpd.pid overwritten -- Unclean shutdown of previous Apache run?
[Fri Jan 16 12:51:06.533446 2026] [ssl:warn] [pid 7256:tid 476] AH01909: www.example.com:443:0 server certificate does NOT include an ID which matches the server name
[Fri Jan 16 12:51:07.224695 2026] [mpm_winnt:notice] [pid 7256:tid 476] AH00455: Apache/2.4.58 (Win64) OpenSSL/3.1.3 PHP/8.2.12 configured -- resuming normal operations
[Fri Jan 16 12:51:07.224695 2026] [mpm_winnt:notice] [pid 7256:tid 476] AH00456: Apache Lounge VS17 Server built: Oct 18 2023 13:03:18
[Fri Jan 16 12:51:07.224695 2026] [core:notice] [pid 7256:tid 476] AH00094: Command line: 'C:\\xampp\\apache\\bin\\httpd.exe -d C:/xampp/apache'
[Fri Jan 16 12:51:07.240313 2026] [mpm_winnt:notice] [pid 7256:tid 476] AH00418: Parent: Created child process 6812
[Fri Jan 16 12:51:07.648411 2026] [ssl:warn] [pid 6812:tid 484] AH01909: www.example.com:443:0 server certificate does NOT include an ID which matches the server name
[Fri Jan 16 12:51:07.678043 2026] [ssl:warn] [pid 6812:tid 484] AH01909: www.example.com:443:0 server certificate does NOT include an ID which matches the server name
[Fri Jan 16 12:51:07.725086 2026] [mpm_winnt:notice] [pid 6812:tid 484] AH00354: Child: Starting 150 worker threads.
[Fri Jan 16 12:51:26.306723 2026] [php:error] [pid 6812:tid 1984] [client ::1:55140] PHP Fatal error:  Uncaught Error: Call to undefined function my_sqli_connect() in C:\\xampp\\htdocs\\Guest_Reservation_app\\Guest_reservation.php:13\nStack trace:\n#0 {main}\n  thrown in C:\\xampp\\htdocs\\Guest_Reservation_app\\Guest_reservation.php on line 13
[Fri Jan 16 12:54:03.608237 2026] [php:error] [pid 6812:tid 1980] [client ::1:53346] PHP Fatal error:  Uncaught Error: Call to undefined function my_sqli_connect() in C:\\xampp\\htdocs\\Guest_Reservation_app\\Guest_reservation.php:13\nStack trace:\n#0 {main}\n  thrown in C:\\xampp\\htdocs\\Guest_Reservation_app\\Guest_reservation.php on line 13
[Fri Jan 16 12:54:05.587604 2026] [php:error] [pid 6812:tid 1980] [client ::1:53346] PHP Fatal error:  Uncaught Error: Call to undefined function my_sqli_connect() in C:\\xampp\\htdocs\\Guest_Reservation_app\\Guest_reservation.php:13\nStack trace:\n#0 {main}\n  thrown in C:\\xampp\\htdocs\\Guest_Reservation_app\\Guest_reservation.php on line 13
[Fri Jan 16 12:54:35.278895 2026] [php:error] [pid 6812:tid 1984] [client ::1:55827] PHP Fatal error:  Uncaught Error: Call to undefined function my_sqli_connect() in C:\\xampp\\htdocs\\Guest_Reservation_app\\Guest_reservation.php:13\nStack trace:\n#0 {main}\n  thrown in C:\\xampp\\htdocs\\Guest_Reservation_app\\Guest_reservation.php on line 13
[Fri Jan 16 12:54:36.134707 2026] [php:error] [pid 6812:tid 1984] [client ::1:55827] PHP Fatal error:  Uncaught Error: Call to undefined function my_sqli_connect() in C:\\xampp\\htdocs\\Guest_Reservation_app\\Guest_reservation.php:13\nStack trace:\n#0 {main}\n  thrown in C:\\xampp\\htdocs\\Guest_Reservation_app\\Guest_reservation.php on line 13
[Fri Jan 16 12:54:36.331213 2026] [php:error] [pid 6812:tid 1984] [client ::1:55827] PHP Fatal error:  Uncaught Error: Call to undefined function my_sqli_connect() in C:\\xampp\\htdocs\\Guest_Reservation_app\\Guest_reservation.php:13\nStack trace:\n#0 {main}\n  thrown in C:\\xampp\\htdocs\\Guest_Reservation_app\\Guest_reservation.php on line 13
[Fri Jan 16 12:54:36.589192 2026] [php:error] [pid 6812:tid 1984] [client ::1:55827] PHP Fatal error:  Uncaught Error: Call to undefined function my_sqli_connect() in C:\\xampp\\htdocs\\Guest_Reservation_app\\Guest_reservation.php:13\nStack trace:\n#0 {main}\n  thrown in C:\\xampp\\htdocs\\Guest_Reservation_app\\Guest_reservation.php on line 13
[Fri Jan 16 12:54:36.860734 2026] [php:error] [pid 6812:tid 1984] [client ::1:55827] PHP Fatal error:  Uncaught Error: Call to undefined function my_sqli_connect() in C:\\xampp\\htdocs\\Guest_Reservation_app\\Guest_reservation.php:13\nStack trace:\n#0 {main}\n  thrown in C:\\xampp\\htdocs\\Guest_Reservation_app\\Guest_reservation.php on line 13
[Fri Jan 16 12:54:37.090325 2026] [php:error] [pid 6812:tid 1984] [client ::1:55827] PHP Fatal error:  Uncaught Error: Call to undefined function my_sqli_connect() in C:\\xampp\\htdocs\\Guest_Reservation_app\\Guest_reservation.php:13\nStack trace:\n#0 {main}\n  thrown in C:\\xampp\\htdocs\\Guest_Reservation_app\\Guest_reservation.php on line 13
[Fri Jan 16 14:33:13.362454 2026] [mpm_winnt:notice] [pid 7256:tid 476] AH00422: Parent: Received shutdown signal -- Shutting down the server.
[Fri Jan 16 14:33:15.380820 2026] [mpm_winnt:notice] [pid 6812:tid 484] AH00364: Child: All worker threads have exited.
[Fri Jan 16 14:33:15.506273 2026] [mpm_winnt:notice] [pid 7256:tid 476] AH00430: Parent: Child process 6812 exited successfully.
[Fri Jan 16 14:33:25.602937 2026] [ssl:warn] [pid 11308:tid 456] AH01909: www.example.com:443:0 server certificate does NOT include an ID which matches the server name
[Fri Jan 16 14:33:25.672523 2026] [ssl:warn] [pid 11308:tid 456] AH01909: www.example.com:443:0 server certificate does NOT include an ID which matches the server name
[Fri Jan 16 14:33:25.760974 2026] [mpm_winnt:notice] [pid 11308:tid 456] AH00455: Apache/2.4.58 (Win64) OpenSSL/3.1.3 PHP/8.2.12 configured -- resuming normal operations
[Fri Jan 16 14:33:25.760974 2026] [mpm_winnt:notice] [pid 11308:tid 456] AH00456: Apache Lounge VS17 Server built: Oct 18 2023 13:03:18
[Fri Jan 16 14:33:25.760974 2026] [core:notice] [pid 11308:tid 456] AH00094: Command line: 'C:\\xampp\\apache\\bin\\httpd.exe -d C:/xampp/apache'
[Fri Jan 16 14:33:25.776600 2026] [mpm_winnt:notice] [pid 11308:tid 456] AH00418: Parent: Created child process 9720
[Fri Jan 16 14:33:26.205702 2026] [ssl:warn] [pid 9720:tid 508] AH01909: www.example.com:443:0 server certificate does NOT include an ID which matches the server name
[Fri Jan 16 14:33:26.281549 2026] [ssl:warn] [pid 9720:tid 508] AH01909: www.example.com:443:0 server certificate does NOT include an ID which matches the server name
[Fri Jan 16 14:33:26.360035 2026] [mpm_winnt:notice] [pid 9720:tid 508] AH00354: Child: Starting 150 worker threads.
[Fri Jan 16 14:40:22.673712 2026] [mpm_winnt:notice] [pid 11308:tid 456] AH00422: Parent: Received shutdown signal -- Shutting down the server.
[Fri Jan 16 14:40:24.685715 2026] [mpm_winnt:notice] [pid 9720:tid 508] AH00364: Child: All worker threads have exited.
[Fri Jan 16 14:40:24.732418 2026] [mpm_winnt:notice] [pid 11308:tid 456] AH00430: Parent: Child process 9720 exited successfully.
[Fri Jan 16 14:41:15.418294 2026] [ssl:warn] [pid 11664:tid 520] AH01909: www.example.com:443:0 server certificate does NOT include an ID which matches the server name
[Fri Jan 16 14:41:15.499083 2026] [ssl:warn] [pid 11664:tid 520] AH01909: www.example.com:443:0 server certificate does NOT include an ID which matches the server name
[Fri Jan 16 14:41:15.606390 2026] [mpm_winnt:notice] [pid 11664:tid 520] AH00455: Apache/2.4.58 (Win64) OpenSSL/3.1.3 PHP/8.2.12 configured -- resuming normal operations
[Fri Jan 16 14:41:15.606390 2026] [mpm_winnt:notice] [pid 11664:tid 520] AH00456: Apache Lounge VS17 Server built: Oct 18 2023 13:03:18
[Fri Jan 16 14:41:15.606390 2026] [core:notice] [pid 11664:tid 520] AH00094: Command line: 'C:\\xampp\\apache\\bin\\httpd.exe -d C:/xampp/apache'
[Fri Jan 16 14:41:15.624992 2026] [mpm_winnt:notice] [pid 11664:tid 520] AH00418: Parent: Created child process 4968
[Fri Jan 16 14:41:16.216088 2026] [ssl:warn] [pid 4968:tid 508] AH01909: www.example.com:443:0 server certificate does NOT include an ID which matches the server name
[Fri Jan 16 14:41:16.263495 2026] [ssl:warn] [pid 4968:tid 508] AH01909: www.example.com:443:0 server certificate does NOT include an ID which matches the server name
[Fri Jan 16 14:41:16.347452 2026] [mpm_winnt:notice] [pid 4968:tid 508] AH00354: Child: Starting 150 worker threads.
[Fri Jan 16 14:41:51.477001 2026] [mpm_winnt:notice] [pid 11664:tid 520] AH00422: Parent: Received shutdown signal -- Shutting down the server.
[Fri Jan 16 14:41:53.499379 2026] [mpm_winnt:notice] [pid 4968:tid 508] AH00364: Child: All worker threads have exited.
[Fri Jan 16 14:41:53.550585 2026] [mpm_winnt:notice] [pid 11664:tid 520] AH00430: Parent: Child process 4968 exited successfully.
[Sat Jan 17 18:25:18.988415 2026] [ssl:warn] [pid 4752:tid 452] AH01909: www.example.com:443:0 server certificate does NOT include an ID which matches the server name
[Sat Jan 17 18:25:19.029359 2026] [ssl:warn] [pid 4752:tid 452] AH01909: www.example.com:443:0 server certificate does NOT include an ID which matches the server name
[Sat Jan 17 18:25:19.228244 2026] [mpm_winnt:notice] [pid 4752:tid 452] AH00455: Apache/2.4.58 (Win64) OpenSSL/3.1.3 PHP/8.2.12 configured -- resuming normal operations
[Sat Jan 17 18:25:19.228244 2026] [mpm_winnt:notice] [pid 4752:tid 452] AH00456: Apache Lounge VS17 Server built: Oct 18 2023 13:03:18
[Sat Jan 17 18:25:19.228244 2026] [core:notice] [pid 4752:tid 452] AH00094: Command line: 'C:\\xampp\\apache\\bin\\httpd.exe -d C:/xampp/apache'
[Sat Jan 17 18:25:19.228244 2026] [mpm_winnt:notice] [pid 4752:tid 452] AH00418: Parent: Created child process 2168
[Sat Jan 17 18:25:20.228335 2026] [ssl:warn] [pid 2168:tid 468] AH01909: www.example.com:443:0 server certificate does NOT include an ID which matches the server name
[Sat Jan 17 18:25:20.269329 2026] [ssl:warn] [pid 2168:tid 468] AH01909: www.example.com:443:0 server certificate does NOT include an ID which matches the server name
[Sat Jan 17 18:25:20.318530 2026] [mpm_winnt:notice] [pid 2168:tid 468] AH00354: Child: Starting 150 worker threads.
[Sun Jan 18 15:24:35.183329 2026] [mpm_winnt:notice] [pid 4752:tid 452] AH00422: Parent: Received shutdown signal -- Shutting down the server.
[Sun Jan 18 15:24:37.193478 2026] [mpm_winnt:notice] [pid 2168:tid 468] AH00364: Child: All worker threads have exited.
[Sun Jan 18 15:24:37.443438 2026] [mpm_winnt:notice] [pid 4752:tid 452] AH00430: Parent: Child process 2168 exited successfully.
[Sun Jan 18 16:18:42.619160 2026] [ssl:warn] [pid 12056:tid 504] AH01909: www.example.com:443:0 server certificate does NOT include an ID which matches the server name
[Sun Jan 18 16:18:42.722515 2026] [ssl:warn] [pid 12056:tid 504] AH01909: www.example.com:443:0 server certificate does NOT include an ID which matches the server name
[Sun Jan 18 16:18:43.971593 2026] [mpm_winnt:notice] [pid 12056:tid 504] AH00455: Apache/2.4.58 (Win64) OpenSSL/3.1.3 PHP/8.2.12 configured -- resuming normal operations
[Sun Jan 18 16:18:43.971593 2026] [mpm_winnt:notice] [pid 12056:tid 504] AH00456: Apache Lounge VS17 Server built: Oct 18 2023 13:03:18
[Sun Jan 18 16:18:43.971593 2026] [core:notice] [pid 12056:tid 504] AH00094: Command line: 'C:\\xampp\\apache\\bin\\httpd.exe -d C:/xampp/apache'
[Sun Jan 18 16:18:43.986024 2026] [mpm_winnt:notice] [pid 12056:tid 504] AH00418: Parent: Created child process 12624
[Sun Jan 18 16:18:44.571564 2026] [ssl:warn] [pid 12624:tid 500] AH01909: www.example.com:443:0 server certificate does NOT include an ID which matches the server name
[Sun Jan 18 16:18:44.605823 2026] [ssl:warn] [pid 12624:tid 500] AH01909: www.example.com:443:0 server certificate does NOT include an ID which matches the server name
[Sun Jan 18 16:18:44.678166 2026] [mpm_winnt:notice] [pid 12624:tid 500] AH00354: Child: Starting 150 worker threads.
[Tue Jan 20 12:47:01.718886 2026] [ssl:warn] [pid 4744:tid 452] AH01909: www.example.com:443:0 server certificate does NOT include an ID which matches the server name
[Tue Jan 20 12:47:01.798637 2026] [core:warn] [pid 4744:tid 452] AH00098: pid file C:/xampp/apache/logs/httpd.pid overwritten -- Unclean shutdown of previous Apache run?
[Tue Jan 20 12:47:01.806642 2026] [ssl:warn] [pid 4744:tid 452] AH01909: www.example.com:443:0 server certificate does NOT include an ID which matches the server name
[Tue Jan 20 12:47:02.086856 2026] [mpm_winnt:notice] [pid 4744:tid 452] AH00455: Apache/2.4.58 (Win64) OpenSSL/3.1.3 PHP/8.2.12 configured -- resuming normal operations
[Tue Jan 20 12:47:02.086856 2026] [mpm_winnt:notice] [pid 4744:tid 452] AH00456: Apache Lounge VS17 Server built: Oct 18 2023 13:03:18
[Tue Jan 20 12:47:02.086856 2026] [core:notice] [pid 4744:tid 452] AH00094: Command line: 'C:\\xampp\\apache\\bin\\httpd.exe -d C:/xampp/apache'
[Tue Jan 20 12:47:02.096618 2026] [mpm_winnt:notice] [pid 4744:tid 452] AH00418: Parent: Created child process 7036
[Tue Jan 20 12:47:02.991945 2026] [ssl:warn] [pid 7036:tid 484] AH01909: www.example.com:443:0 server certificate does NOT include an ID which matches the server name
[Tue Jan 20 12:47:03.026891 2026] [ssl:warn] [pid 7036:tid 484] AH01909: www.example.com:443:0 server certificate does NOT include an ID which matches the server name
[Tue Jan 20 12:47:03.126860 2026] [mpm_winnt:notice] [pid 7036:tid 484] AH00354: Child: Starting 150 worker threads.
[Tue Jan 20 15:55:52.805927 2026] [php:warn] [pid 7036:tid 1916] [client ::1:56296] PHP Warning:  Undefined variable $POST in C:\\xampp\\htdocs\\Guest_Reservation_app\\Guest_reservation.php on line 19, referer: http://localhost/Guest_Reservation_app/Guest_reservation.php
[Tue Jan 20 15:55:52.805927 2026] [php:warn] [pid 7036:tid 1916] [client ::1:56296] PHP Warning:  Trying to access array offset on value of type null in C:\\xampp\\htdocs\\Guest_Reservation_app\\Guest_reservation.php on line 19, referer: http://localhost/Guest_Reservation_app/Guest_reservation.php
[Tue Jan 20 21:05:05.795043 2026] [php:warn] [pid 7036:tid 1916] [client ::1:50555] PHP Warning:  Undefined variable $POST in C:\\xampp\\htdocs\\Guest_Reservation_app\\Guest_reservation.php on line 19, referer: http://localhost/Guest_Reservation_app/Guest_reservation.php
[Tue Jan 20 21:05:05.802952 2026] [php:warn] [pid 7036:tid 1916] [client ::1:50555] PHP Warning:  Trying to access array offset on value of type null in C:\\xampp\\htdocs\\Guest_Reservation_app\\Guest_reservation.php on line 19, referer: http://localhost/Guest_Reservation_app/Guest_reservation.php
[Tue Jan 20 21:54:48.290147 2026] [php:warn] [pid 7036:tid 1916] [client ::1:51616] PHP Warning:  Undefined variable $POST in C:\\xampp\\htdocs\\Guest_Reservation_app\\Guest_reservation.php on line 19, referer: http://localhost/Guest_Reservation_app/Guest_reservation.php
[Tue Jan 20 21:54:48.290147 2026] [php:warn] [pid 7036:tid 1916] [client ::1:51616] PHP Warning:  Trying to access array offset on value of type null in C:\\xampp\\htdocs\\Guest_Reservation_app\\Guest_reservation.php on line 19, referer: http://localhost/Guest_Reservation_app/Guest_reservation.php
[Wed Jan 21 10:30:53.814503 2026] [php:warn] [pid 7036:tid 1920] [client ::1:53674] PHP Warning:  Undefined variable $POST in C:\\xampp\\htdocs\\Guest_Reservation_app\\Guest_reservation.php on line 19, referer: http://localhost/Guest_Reservation_app/Guest_reservation.php
[Wed Jan 21 10:30:53.822630 2026] [php:warn] [pid 7036:tid 1920] [client ::1:53674] PHP Warning:  Trying to access array offset on value of type null in C:\\xampp\\htdocs\\Guest_Reservation_app\\Guest_reservation.php on line 19, referer: http://localhost/Guest_Reservation_app/Guest_reservation.php
[Wed Jan 21 10:56:31.618745 2026] [php:warn] [pid 7036:tid 1916] [client ::1:62960] PHP Warning:  Undefined variable $POST in C:\\xampp\\htdocs\\Guest_Reservation_app\\Guest_reservation.php on line 19, referer: http://localhost/Guest_Reservation_app/Guest_reservation.php
[Wed Jan 21 10:56:31.618745 2026] [php:warn] [pid 7036:tid 1916] [client ::1:62960] PHP Warning:  Trying to access array offset on value of type null in C:\\xampp\\htdocs\\Guest_Reservation_app\\Guest_reservation.php on line 19, referer: http://localhost/Guest_Reservation_app/Guest_reservation.php
[Wed Jan 21 11:06:32.994022 2026] [php:warn] [pid 7036:tid 1908] [client ::1:56860] PHP Warning:  Undefined variable $POST in C:\\xampp\\htdocs\\Guest_Reservation_app\\Guest_reservation.php on line 19, referer: http://localhost/Guest_Reservation_app/Guest_reservation.php
[Wed Jan 21 11:06:32.999549 2026] [php:warn] [pid 7036:tid 1908] [client ::1:56860] PHP Warning:  Trying to access array offset on value of type null in C:\\xampp\\htdocs\\Guest_Reservation_app\\Guest_reservation.php on line 19, referer: http://localhost/Guest_Reservation_app/Guest_reservation.php
[Wed Jan 21 13:05:16.364885 2026] [php:error] [pid 7036:tid 1908] [client ::1:63819] script 'C:/xampp/htdocs/Guest_Reservation_app/Guest_reservation.php' not found or unable to stat, referer: http://localhost/Guest_Reservation_app/prices.html
[Wed Jan 21 13:05:23.239462 2026] [php:error] [pid 7036:tid 1932] [client ::1:62194] script 'C:/xampp/htdocs/Guest_Reservation_app/Guest_reservation.php' not found or unable to stat, referer: http://localhost/Guest_Reservation_app/prices.html
[Wed Jan 21 13:06:25.578674 2026] [php:error] [pid 7036:tid 1908] [client ::1:59441] script 'C:/xampp/htdocs/Guest_Reservation_app/Guest_reservation.php' not found or unable to stat, referer: http://localhost/Guest_Reservation_app/prices.html
[Wed Jan 21 13:06:26.633578 2026] [php:error] [pid 7036:tid 1908] [client ::1:59441] script 'C:/xampp/htdocs/Guest_Reservation_app/Guest_reservation.php' not found or unable to stat, referer: http://localhost/Guest_Reservation_app/prices.html
[Wed Jan 21 14:21:37.011604 2026] [php:error] [pid 7036:tid 1932] [client ::1:55791] script 'C:/xampp/htdocs/insurance_administration/insurance_policy_holder_details.php' not found or unable to stat
[Wed Jan 21 14:25:01.599842 2026] [php:error] [pid 7036:tid 1916] [client ::1:49556] script 'C:/xampp/htdocs/insurance_administration/insurance_policy_holder_details.php' not found or unable to stat
[Wed Jan 21 14:25:44.957938 2026] [php:error] [pid 7036:tid 1932] [client ::1:59207] PHP Fatal error:  Uncaught mysqli_sql_exception: Unknown database 'policy_holder_db' in C:\\xampp\\htdocs\\insurance_administration\\insurance_policy_holder_details.php:13\nStack trace:\n#0 C:\\xampp\\htdocs\\insurance_administration\\insurance_policy_holder_details.php(13): mysqli_connect('127.0.0.1', 'root', Object(SensitiveParameterValue), 'policy_holder_d...')\n#1 {main}\n  thrown in C:\\xampp\\htdocs\\insurance_administration\\insurance_policy_holder_details.php on line 13
[Wed Jan 21 14:28:21.153317 2026] [php:error] [pid 7036:tid 1932] [client ::1:53077] PHP Fatal error:  Uncaught mysqli_sql_exception: Unknown database 'policy_holder_db' in C:\\xampp\\htdocs\\insurance_administration\\insurance_policy_holder_details.php:13\nStack trace:\n#0 C:\\xampp\\htdocs\\insurance_administration\\insurance_policy_holder_details.php(13): mysqli_connect('127.0.0.1', 'root', Object(SensitiveParameterValue), 'policy_holder_d...')\n#1 {main}\n  thrown in C:\\xampp\\htdocs\\insurance_administration\\insurance_policy_holder_details.php on line 13
[Wed Jan 21 14:28:22.587277 2026] [php:error] [pid 7036:tid 1932] [client ::1:53077] PHP Fatal error:  Uncaught mysqli_sql_exception: Unknown database 'policy_holder_db' in C:\\xampp\\htdocs\\insurance_administration\\insurance_policy_holder_details.php:13\nStack trace:\n#0 C:\\xampp\\htdocs\\insurance_administration\\insurance_policy_holder_details.php(13): mysqli_connect('127.0.0.1', 'root', Object(SensitiveParameterValue), 'policy_holder_d...')\n#1 {main}\n  thrown in C:\\xampp\\htdocs\\insurance_administration\\insurance_policy_holder_details.php on line 13
[Wed Jan 21 14:39:25.022206 2026] [php:error] [pid 7036:tid 1916] [client ::1:58439] script 'C:/xampp/htdocs/insurance_administration/insurance_policy_holder_details.php' not found or unable to stat
[Wed Jan 21 15:25:39.409919 2026] [mpm_winnt:notice] [pid 4744:tid 452] AH00422: Parent: Received shutdown signal -- Shutting down the server.
[Wed Jan 21 15:25:41.456456 2026] [mpm_winnt:notice] [pid 7036:tid 484] AH00364: Child: All worker threads have exited.
[Wed Jan 21 15:25:41.582193 2026] [mpm_winnt:notice] [pid 4744:tid 452] AH00430: Parent: Child process 7036 exited successfully.
[Wed Jan 21 15:25:47.774403 2026] [ssl:warn] [pid 11792:tid 176] AH01909: www.example.com:443:0 server certificate does NOT include an ID which matches the server name
[Wed Jan 21 15:25:47.815870 2026] [ssl:warn] [pid 11792:tid 176] AH01909: www.example.com:443:0 server certificate does NOT include an ID which matches the server name
[Wed Jan 21 15:25:48.487431 2026] [mpm_winnt:notice] [pid 11792:tid 176] AH00455: Apache/2.4.58 (Win64) OpenSSL/3.1.3 PHP/8.2.12 configured -- resuming normal operations
[Wed Jan 21 15:25:48.487431 2026] [mpm_winnt:notice] [pid 11792:tid 176] AH00456: Apache Lounge VS17 Server built: Oct 18 2023 13:03:18
[Wed Jan 21 15:25:48.487431 2026] [core:notice] [pid 11792:tid 176] AH00094: Command line: 'C:\\xampp\\apache\\bin\\httpd.exe -d C:/xampp/apache'
[Wed Jan 21 15:25:48.487431 2026] [mpm_winnt:notice] [pid 11792:tid 176] AH00418: Parent: Created child process 9752
[Wed Jan 21 15:25:48.800809 2026] [ssl:warn] [pid 9752:tid 496] AH01909: www.example.com:443:0 server certificate does NOT include an ID which matches the server name
[Wed Jan 21 15:25:48.832443 2026] [ssl:warn] [pid 9752:tid 496] AH01909: www.example.com:443:0 server certificate does NOT include an ID which matches the server name
[Wed Jan 21 15:25:48.863725 2026] [mpm_winnt:notice] [pid 9752:tid 496] AH00354: Child: Starting 150 worker threads.
