2026-01-15  8:42:53 0 [Note] Starting MariaDB 10.4.32-MariaDB source revision c4143f909528e3fab0677a28631d10389354c491 as process 7268
2026-01-15  8:42:53 0 [Note] InnoDB: Mutexes and rw_locks use Windows interlocked functions
2026-01-15  8:42:53 0 [Note] InnoDB: Uses event mutexes
2026-01-15  8:42:53 0 [Note] InnoDB: Compressed tables use zlib 1.3
2026-01-15  8:42:53 0 [Note] InnoDB: Number of pools: 1
2026-01-15  8:42:53 0 [Note] InnoDB: Using SSE2 crc32 instructions
2026-01-15  8:42:53 0 [Note] InnoDB: Initializing buffer pool, total size = 16M, instances = 1, chunk size = 16M
2026-01-15  8:42:53 0 [Note] InnoDB: Completed initialization of buffer pool
2026-01-15  8:42:53 0 [Note] InnoDB: Starting crash recovery from checkpoint LSN=300288
2026-01-15  8:42:54 0 [Note] InnoDB: 128 out of 128 rollback segments are active.
2026-01-15  8:42:54 0 [Note] InnoDB: Removed temporary tablespace data file: "ibtmp1"
2026-01-15  8:42:54 0 [Note] InnoDB: Creating shared tablespace for temporary tables
2026-01-15  8:42:54 0 [Note] InnoDB: Setting file 'C:\xampp\mysql\data\ibtmp1' size to 12 MB. Physically writing the file full; Please wait ...
2026-01-15  8:42:54 0 [Note] InnoDB: File 'C:\xampp\mysql\data\ibtmp1' size is now 12 MB.
2026-01-15  8:42:54 0 [Note] InnoDB: Waiting for purge to start
2026-01-15  8:42:54 0 [Note] InnoDB: 10.4.32 started; log sequence number 300297; transaction id 170
2026-01-15  8:42:54 0 [Note] Plugin 'FEEDBACK' is disabled.
2026-01-15  8:42:54 0 [Note] InnoDB: Loading buffer pool(s) from C:\xampp\mysql\data\ib_buffer_pool
2026-01-15  8:42:54 0 [Note] Server socket created on IP: '::'.
2026-01-16 12:46:53 0 [Note] Starting MariaDB 10.4.32-MariaDB source revision c4143f909528e3fab0677a28631d10389354c491 as process 15648
2026-01-16 12:46:53 0 [Note] InnoDB: Mutexes and rw_locks use Windows interlocked functions
2026-01-16 12:46:53 0 [Note] InnoDB: Uses event mutexes
2026-01-16 12:46:53 0 [Note] InnoDB: Compressed tables use zlib 1.3
2026-01-16 12:46:53 0 [Note] InnoDB: Number of pools: 1
2026-01-16 12:46:53 0 [Note] InnoDB: Using SSE2 crc32 instructions
2026-01-16 12:46:53 0 [Note] InnoDB: Initializing buffer pool, total size = 16M, instances = 1, chunk size = 16M
2026-01-16 12:46:53 0 [Note] InnoDB: Completed initialization of buffer pool
2026-01-16 12:46:53 0 [Note] InnoDB: Starting crash recovery from checkpoint LSN=311469
2026-01-16 12:46:54 0 [Note] InnoDB: 128 out of 128 rollback segments are active.
2026-01-16 12:46:54 0 [Note] InnoDB: Removed temporary tablespace data file: "ibtmp1"
2026-01-16 12:46:54 0 [Note] InnoDB: Creating shared tablespace for temporary tables
2026-01-16 12:46:54 0 [Note] InnoDB: Setting file 'C:\xampp\mysql\data\ibtmp1' size to 12 MB. Physically writing the file full; Please wait ...
2026-01-16 12:46:54 0 [Note] InnoDB: File 'C:\xampp\mysql\data\ibtmp1' size is now 12 MB.
2026-01-16 12:46:54 0 [Note] InnoDB: Waiting for purge to start
2026-01-16 12:46:54 0 [Note] InnoDB: 10.4.32 started; log sequence number 311478; transaction id 218
2026-01-16 12:46:54 0 [Note] InnoDB: Loading buffer pool(s) from C:\xampp\mysql\data\ib_buffer_pool
2026-01-16 12:46:54 0 [Note] Plugin 'FEEDBACK' is disabled.
2026-01-16 12:46:54 0 [Note] InnoDB: Buffer pool(s) load completed at 260116 12:46:54
2026-01-16 12:46:54 0 [Note] Server socket created on IP: '::'.
2026-01-16 12:51:09 0 [Note] Starting MariaDB 10.4.32-MariaDB source revision c4143f909528e3fab0677a28631d10389354c491 as process 7372
2026-01-16 12:51:09 0 [Note] InnoDB: Mutexes and rw_locks use Windows interlocked functions
2026-01-16 12:51:09 0 [Note] InnoDB: Uses event mutexes
2026-01-16 12:51:09 0 [Note] InnoDB: Compressed tables use zlib 1.3
2026-01-16 12:51:09 0 [Note] InnoDB: Number of pools: 1
2026-01-16 12:51:09 0 [Note] InnoDB: Using SSE2 crc32 instructions
2026-01-16 12:51:09 0 [Note] InnoDB: Initializing buffer pool, total size = 16M, instances = 1, chunk size = 16M
2026-01-16 12:51:09 0 [Note] InnoDB: Completed initialization of buffer pool
2026-01-16 12:51:09 0 [Note] InnoDB: Starting crash recovery from checkpoint LSN=311487
2026-01-16 12:51:10 0 [Note] InnoDB: 128 out of 128 rollback segments are active.
2026-01-16 12:51:10 0 [Note] InnoDB: Removed temporary tablespace data file: "ibtmp1"
2026-01-16 12:51:10 0 [Note] InnoDB: Creating shared tablespace for temporary tables
2026-01-16 12:51:10 0 [Note] InnoDB: Setting file 'C:\xampp\mysql\data\ibtmp1' size to 12 MB. Physically writing the file full; Please wait ...
2026-01-16 12:51:10 0 [Note] InnoDB: File 'C:\xampp\mysql\data\ibtmp1' size is now 12 MB.
2026-01-16 12:51:10 0 [Note] InnoDB: Waiting for purge to start
2026-01-16 12:51:11 0 [Note] InnoDB: 10.4.32 started; log sequence number 311496; transaction id 218
2026-01-16 12:51:11 0 [Note] InnoDB: Loading buffer pool(s) from C:\xampp\mysql\data\ib_buffer_pool
2026-01-16 12:51:11 0 [Note] Plugin 'FEEDBACK' is disabled.
2026-01-16 12:51:11 0 [Note] InnoDB: Buffer pool(s) load completed at 260116 12:51:11
2026-01-16 12:51:11 0 [Note] Server socket created on IP: '::'.
2026-01-16 12:51:11 0 [Note] Reading of all Master_info entries succeeded
2026-01-16 12:51:11 0 [Note] Added new Master_info '' to hash table
2026-01-16 12:51:11 0 [Note] C:\xampp\mysql\bin\mysqld.exe: ready for connections.
Version: '10.4.32-MariaDB'  socket: ''  port: 3306  mariadb.org binary distribution
2026-01-16 14:33:17 0 [Note] C:\xampp\mysql\bin\mysqld.exe (initiated by: unknown): Normal shutdown
2026-01-16 14:33:17 0 [Note] Event Scheduler: Purging the queue. 0 events
2026-01-16 14:33:17 0 [Note] InnoDB: FTS optimize thread exiting.
2026-01-16 14:33:17 0 [Note] InnoDB: Starting shutdown...
2026-01-16 14:33:17 0 [Note] InnoDB: Dumping buffer pool(s) to C:\xampp\mysql\data\ib_buffer_pool
2026-01-16 14:33:17 0 [Note] InnoDB: Instance 0, restricted to 250 pages due to innodb_buf_pool_dump_pct=25
2026-01-16 14:33:17 0 [Note] InnoDB: Buffer pool(s) dump completed at 260116 14:33:17
2026-01-16 14:33:18 0 [Note] InnoDB: Removed temporary tablespace data file: "ibtmp1"
2026-01-16 14:33:18 0 [Note] InnoDB: Shutdown completed; log sequence number 315167; transaction id 251
2026-01-16 14:33:18 0 [Note] C:\xampp\mysql\bin\mysqld.exe: Shutdown complete

2026-01-16 14:33:26 0 [Note] Starting MariaDB 10.4.32-MariaDB source revision c4143f909528e3fab0677a28631d10389354c491 as process 11636
2026-01-16 14:33:26 0 [Note] InnoDB: Mutexes and rw_locks use Windows interlocked functions
2026-01-16 14:33:26 0 [Note] InnoDB: Uses event mutexes
2026-01-16 14:33:26 0 [Note] InnoDB: Compressed tables use zlib 1.3
2026-01-16 14:33:26 0 [Note] InnoDB: Number of pools: 1
2026-01-16 14:33:26 0 [Note] InnoDB: Using SSE2 crc32 instructions
2026-01-16 14:33:26 0 [Note] InnoDB: Initializing buffer pool, total size = 16M, instances = 1, chunk size = 16M
2026-01-16 14:33:26 0 [Note] InnoDB: Completed initialization of buffer pool
2026-01-16 14:33:26 0 [Note] InnoDB: 128 out of 128 rollback segments are active.
2026-01-16 14:33:26 0 [Note] InnoDB: Creating shared tablespace for temporary tables
2026-01-16 14:33:26 0 [Note] InnoDB: Setting file 'C:\xampp\mysql\data\ibtmp1' size to 12 MB. Physically writing the file full; Please wait ...
2026-01-16 14:33:26 0 [Note] InnoDB: File 'C:\xampp\mysql\data\ibtmp1' size is now 12 MB.
2026-01-16 14:33:26 0 [Note] InnoDB: Waiting for purge to start
2026-01-16 14:33:26 0 [Note] InnoDB: 10.4.32 started; log sequence number 315167; transaction id 252
2026-01-16 14:33:26 0 [Note] InnoDB: Loading buffer pool(s) from C:\xampp\mysql\data\ib_buffer_pool
2026-01-16 14:33:26 0 [Note] Plugin 'FEEDBACK' is disabled.
2026-01-16 14:33:26 0 [Note] Server socket created on IP: '::'.
2026-01-16 14:33:27 0 [Note] Reading of all Master_info entries succeeded
2026-01-16 14:33:27 0 [Note] Added new Master_info '' to hash table
2026-01-16 14:33:27 0 [Note] C:\xampp\mysql\bin\mysqld.exe: ready for connections.
Version: '10.4.32-MariaDB'  socket: ''  port: 3306  mariadb.org binary distribution
2026-01-16 14:33:27 0 [Note] InnoDB: Buffer pool(s) load completed at 260116 14:33:27
2026-01-16 14:40:20 0 [Note] C:\xampp\mysql\bin\mysqld.exe (initiated by: unknown): Normal shutdown
2026-01-16 14:40:20 0 [Note] Event Scheduler: Purging the queue. 0 events
2026-01-16 14:40:20 0 [Note] InnoDB: FTS optimize thread exiting.
2026-01-16 14:40:21 0 [Note] InnoDB: Starting shutdown...
2026-01-16 14:40:21 0 [Note] InnoDB: Dumping buffer pool(s) to C:\xampp\mysql\data\ib_buffer_pool
2026-01-16 14:40:21 0 [Note] InnoDB: Instance 0, restricted to 250 pages due to innodb_buf_pool_dump_pct=25
2026-01-16 14:40:21 0 [Note] InnoDB: Buffer pool(s) dump completed at 260116 14:40:21
2026-01-16 14:40:22 0 [Note] InnoDB: Removed temporary tablespace data file: "ibtmp1"
2026-01-16 14:40:22 0 [Note] InnoDB: Shutdown completed; log sequence number 315550; transaction id 256
2026-01-16 14:40:22 0 [Note] C:\xampp\mysql\bin\mysqld.exe: Shutdown complete

2026-01-16 14:41:15 0 [Note] Starting MariaDB 10.4.32-MariaDB source revision c4143f909528e3fab0677a28631d10389354c491 as process 6812
2026-01-16 14:41:15 0 [Note] InnoDB: Mutexes and rw_locks use Windows interlocked functions
2026-01-16 14:41:15 0 [Note] InnoDB: Uses event mutexes
2026-01-16 14:41:15 0 [Note] InnoDB: Compressed tables use zlib 1.3
2026-01-16 14:41:15 0 [Note] InnoDB: Number of pools: 1
2026-01-16 14:41:15 0 [Note] InnoDB: Using SSE2 crc32 instructions
2026-01-16 14:41:15 0 [Note] InnoDB: Initializing buffer pool, total size = 16M, instances = 1, chunk size = 16M
2026-01-16 14:41:15 0 [Note] InnoDB: Completed initialization of buffer pool
2026-01-16 14:41:16 0 [Note] InnoDB: 128 out of 128 rollback segments are active.
2026-01-16 14:41:16 0 [Note] InnoDB: Creating shared tablespace for temporary tables
2026-01-16 14:41:16 0 [Note] InnoDB: Setting file 'C:\xampp\mysql\data\ibtmp1' size to 12 MB. Physically writing the file full; Please wait ...
2026-01-16 14:41:16 0 [Note] InnoDB: File 'C:\xampp\mysql\data\ibtmp1' size is now 12 MB.
2026-01-16 14:41:16 0 [Note] InnoDB: Waiting for purge to start
2026-01-16 14:41:16 0 [Note] InnoDB: 10.4.32 started; log sequence number 315550; transaction id 257
2026-01-16 14:41:16 0 [Note] InnoDB: Loading buffer pool(s) from C:\xampp\mysql\data\ib_buffer_pool
2026-01-16 14:41:16 0 [Note] Plugin 'FEEDBACK' is disabled.
2026-01-16 14:41:16 0 [Note] Server socket created on IP: '::'.
2026-01-16 14:41:16 0 [Note] Reading of all Master_info entries succeeded
2026-01-16 14:41:16 0 [Note] Added new Master_info '' to hash table
2026-01-16 14:41:16 0 [Note] C:\xampp\mysql\bin\mysqld.exe: ready for connections.
Version: '10.4.32-MariaDB'  socket: ''  port: 3306  mariadb.org binary distribution
2026-01-16 14:41:16 0 [Note] InnoDB: Buffer pool(s) load completed at 260116 14:41:16
2026-01-16 14:41:52 0 [Note] C:\xampp\mysql\bin\mysqld.exe (initiated by: unknown): Normal shutdown
2026-01-16 14:41:52 0 [Note] Event Scheduler: Purging the queue. 0 events
2026-01-16 14:41:52 0 [Note] InnoDB: FTS optimize thread exiting.
2026-01-16 14:41:52 0 [Note] InnoDB: Starting shutdown...
2026-01-16 14:41:52 0 [Note] InnoDB: Dumping buffer pool(s) to C:\xampp\mysql\data\ib_buffer_pool
2026-01-16 14:41:52 0 [Note] InnoDB: Instance 0, restricted to 250 pages due to innodb_buf_pool_dump_pct=25
2026-01-16 14:41:52 0 [Note] InnoDB: Buffer pool(s) dump completed at 260116 14:41:52
2026-01-16 14:41:53 0 [Note] InnoDB: Removed temporary tablespace data file: "ibtmp1"
2026-01-16 14:41:53 0 [Note] InnoDB: Shutdown completed; log sequence number 315559; transaction id 258
2026-01-16 14:41:53 0 [Note] C:\xampp\mysql\bin\mysqld.exe: Shutdown complete

2026-01-17 18:25:17 0 [Note] Starting MariaDB 10.4.32-MariaDB source revision c4143f909528e3fab0677a28631d10389354c491 as process 5008
2026-01-17 18:25:18 0 [Note] InnoDB: Mutexes and rw_locks use Windows interlocked functions
2026-01-17 18:25:18 0 [Note] InnoDB: Uses event mutexes
2026-01-17 18:25:18 0 [Note] InnoDB: Compressed tables use zlib 1.3
2026-01-17 18:25:18 0 [Note] InnoDB: Number of pools: 1
2026-01-17 18:25:18 0 [Note] InnoDB: Using SSE2 crc32 instructions
2026-01-17 18:25:18 0 [Note] InnoDB: Initializing buffer pool, total size = 16M, instances = 1, chunk size = 16M
2026-01-17 18:25:18 0 [Note] InnoDB: Completed initialization of buffer pool
2026-01-17 18:25:18 0 [Note] InnoDB: 128 out of 128 rollback segments are active.
2026-01-17 18:25:18 0 [Note] InnoDB: Creating shared tablespace for temporary tables
2026-01-17 18:25:18 0 [Note] InnoDB: Setting file 'C:\xampp\mysql\data\ibtmp1' size to 12 MB. Physically writing the file full; Please wait ...
2026-01-17 18:25:18 0 [Note] InnoDB: File 'C:\xampp\mysql\data\ibtmp1' size is now 12 MB.
2026-01-17 18:25:18 0 [Note] InnoDB: Waiting for purge to start
2026-01-17 18:25:18 0 [Note] InnoDB: 10.4.32 started; log sequence number 315559; transaction id 257
2026-01-17 18:25:18 0 [Note] InnoDB: Loading buffer pool(s) from C:\xampp\mysql\data\ib_buffer_pool
2026-01-17 18:25:18 0 [Note] Plugin 'FEEDBACK' is disabled.
2026-01-17 18:25:18 0 [Note] Server socket created on IP: '::'.
2026-01-17 18:25:18 0 [Note] InnoDB: Buffer pool(s) load completed at 260117 18:25:18
2026-01-17 18:25:18 0 [Note] Reading of all Master_info entries succeeded
2026-01-17 18:25:18 0 [Note] Added new Master_info '' to hash table
2026-01-17 18:25:18 0 [Note] C:\xampp\mysql\bin\mysqld.exe: ready for connections.
Version: '10.4.32-MariaDB'  socket: ''  port: 3306  mariadb.org binary distribution
2026-01-18 15:24:36 0 [Note] C:\xampp\mysql\bin\mysqld.exe (initiated by: unknown): Normal shutdown
2026-01-18 15:24:36 0 [Note] Event Scheduler: Purging the queue. 0 events
2026-01-18 15:24:36 0 [Note] InnoDB: FTS optimize thread exiting.
2026-01-18 15:24:36 0 [Note] InnoDB: Starting shutdown...
2026-01-18 15:24:36 0 [Note] InnoDB: Dumping buffer pool(s) to C:\xampp\mysql\data\ib_buffer_pool
2026-01-18 15:24:36 0 [Note] InnoDB: Instance 0, restricted to 250 pages due to innodb_buf_pool_dump_pct=25
2026-01-18 15:24:36 0 [Note] InnoDB: Buffer pool(s) dump completed at 260118 15:24:36
2026-01-18 15:24:38 0 [Note] InnoDB: Removed temporary tablespace data file: "ibtmp1"
2026-01-18 15:24:38 0 [Note] InnoDB: Shutdown completed; log sequence number 380648; transaction id 436
2026-01-18 15:24:38 0 [Note] C:\xampp\mysql\bin\mysqld.exe: Shutdown complete

2026-01-18 16:20:17 0 [Note] Starting MariaDB 10.4.32-MariaDB source revision c4143f909528e3fab0677a28631d10389354c491 as process 5556
2026-01-18 16:20:17 0 [Note] InnoDB: Mutexes and rw_locks use Windows interlocked functions
2026-01-18 16:20:17 0 [Note] InnoDB: Uses event mutexes
2026-01-18 16:20:17 0 [Note] InnoDB: Compressed tables use zlib 1.3
2026-01-18 16:20:17 0 [Note] InnoDB: Number of pools: 1
2026-01-18 16:20:17 0 [Note] InnoDB: Using SSE2 crc32 instructions
2026-01-18 16:20:17 0 [Note] InnoDB: Initializing buffer pool, total size = 16M, instances = 1, chunk size = 16M
2026-01-18 16:20:17 0 [Note] InnoDB: Completed initialization of buffer pool
2026-01-18 16:20:17 0 [Note] InnoDB: 128 out of 128 rollback segments are active.
2026-01-18 16:20:17 0 [Note] InnoDB: Creating shared tablespace for temporary tables
2026-01-18 16:20:17 0 [Note] InnoDB: Setting file 'C:\xampp\mysql\data\ibtmp1' size to 12 MB. Physically writing the file full; Please wait ...
2026-01-18 16:20:17 0 [Note] InnoDB: File 'C:\xampp\mysql\data\ibtmp1' size is now 12 MB.
2026-01-18 16:20:17 0 [Note] InnoDB: Waiting for purge to start
2026-01-18 16:20:17 0 [Note] InnoDB: 10.4.32 started; log sequence number 380648; transaction id 437
2026-01-18 16:20:17 0 [Note] InnoDB: Loading buffer pool(s) from C:\xampp\mysql\data\ib_buffer_pool
2026-01-18 16:20:17 0 [Note] Plugin 'FEEDBACK' is disabled.
2026-01-18 16:20:17 0 [Note] InnoDB: Buffer pool(s) load completed at 260118 16:20:17
2026-01-18 16:20:17 0 [Note] Server socket created on IP: '::'.
2026-01-18 16:20:18 0 [Note] Reading of all Master_info entries succeeded
2026-01-18 16:20:18 0 [Note] Added new Master_info '' to hash table
2026-01-18 16:20:18 0 [Note] C:\xampp\mysql\bin\mysqld.exe: ready for connections.
Version: '10.4.32-MariaDB'  socket: ''  port: 3306  mariadb.org binary distribution
2026-01-20 12:47:00 0 [Note] Starting MariaDB 10.4.32-MariaDB source revision c4143f909528e3fab0677a28631d10389354c491 as process 5024
2026-01-20 12:47:01 0 [Note] InnoDB: Mutexes and rw_locks use Windows interlocked functions
2026-01-20 12:47:01 0 [Note] InnoDB: Uses event mutexes
2026-01-20 12:47:01 0 [Note] InnoDB: Compressed tables use zlib 1.3
2026-01-20 12:47:01 0 [Note] InnoDB: Number of pools: 1
2026-01-20 12:47:01 0 [Note] InnoDB: Using SSE2 crc32 instructions
2026-01-20 12:47:01 0 [Note] InnoDB: Initializing buffer pool, total size = 16M, instances = 1, chunk size = 16M
2026-01-20 12:47:01 0 [Note] InnoDB: Completed initialization of buffer pool
2026-01-20 12:47:01 0 [Note] InnoDB: Starting crash recovery from checkpoint LSN=387908
2026-01-20 12:47:01 0 [Note] InnoDB: 128 out of 128 rollback segments are active.
2026-01-20 12:47:01 0 [Note] InnoDB: Removed temporary tablespace data file: "ibtmp1"
2026-01-20 12:47:01 0 [Note] InnoDB: Creating shared tablespace for temporary tables
2026-01-20 12:47:01 0 [Note] InnoDB: Setting file 'C:\xampp\mysql\data\ibtmp1' size to 12 MB. Physically writing the file full; Please wait ...
2026-01-20 12:47:01 0 [Note] InnoDB: File 'C:\xampp\mysql\data\ibtmp1' size is now 12 MB.
2026-01-20 12:47:01 0 [Note] InnoDB: Waiting for purge to start
2026-01-20 12:47:01 0 [Note] InnoDB: 10.4.32 started; log sequence number 387917; transaction id 481
2026-01-20 12:47:01 0 [Note] InnoDB: Loading buffer pool(s) from C:\xampp\mysql\data\ib_buffer_pool
2026-01-20 12:47:01 0 [Note] Plugin 'FEEDBACK' is disabled.
2026-01-20 12:47:01 0 [Note] Server socket created on IP: '::'.
2026-01-20 12:47:01 0 [Note] InnoDB: Buffer pool(s) load completed at 260120 12:47:01
2026-01-20 12:47:01 0 [Note] Reading of all Master_info entries succeeded
2026-01-20 12:47:01 0 [Note] Added new Master_info '' to hash table
2026-01-20 12:47:01 0 [Note] C:\xampp\mysql\bin\mysqld.exe: ready for connections.
Version: '10.4.32-MariaDB'  socket: ''  port: 3306  mariadb.org binary distribution
2026-01-21  8:39:18 129 [Warning] Access denied for user 'root'@'localhost' (using password: YES)
2026-01-21  9:08:38 186 [Warning] Aborted connection 186 to db: 'insurance_db' user: 'root' host: 'localhost' (Got an error reading communication packets)
2026-01-21  9:15:58 246 [Warning] Aborted connection 246 to db: 'insurance_db' user: 'root' host: 'localhost' (Got an error reading communication packets)
2026-01-21  9:23:36 201 [Warning] Aborted connection 201 to db: 'insurance_db' user: 'root' host: 'localhost' (Got an error reading communication packets)
2026-01-21  9:46:43 251 [Warning] Aborted connection 251 to db: 'insurance_db' user: 'root' host: 'localhost' (Got an error reading communication packets)
2026-01-21 15:25:37 0 [Note] C:\xampp\mysql\bin\mysqld.exe (initiated by: unknown): Normal shutdown
2026-01-21 15:25:37 0 [Note] Event Scheduler: Purging the queue. 0 events
2026-01-21 15:25:37 0 [Note] InnoDB: FTS optimize thread exiting.
2026-01-21 15:25:38 0 [Note] InnoDB: Starting shutdown...
2026-01-21 15:25:38 0 [Note] InnoDB: Dumping buffer pool(s) to C:\xampp\mysql\data\ib_buffer_pool
2026-01-21 15:25:38 0 [Note] InnoDB: Instance 0, restricted to 250 pages due to innodb_buf_pool_dump_pct=25
2026-01-21 15:25:38 0 [Note] InnoDB: Buffer pool(s) dump completed at 260121 15:25:38
2026-01-21 15:25:38 0 [Note] InnoDB: Removed temporary tablespace data file: "ibtmp1"
2026-01-21 15:25:38 0 [Note] InnoDB: Shutdown completed; log sequence number 538981; transaction id 875
2026-01-21 15:25:38 0 [Note] C:\xampp\mysql\bin\mysqld.exe: Shutdown complete

2026-01-21 15:25:50 0 [Note] Starting MariaDB 10.4.32-MariaDB source revision c4143f909528e3fab0677a28631d10389354c491 as process 17520
2026-01-21 15:25:50 0 [Note] InnoDB: Mutexes and rw_locks use Windows interlocked functions
2026-01-21 15:25:50 0 [Note] InnoDB: Uses event mutexes
2026-01-21 15:25:50 0 [Note] InnoDB: Compressed tables use zlib 1.3
2026-01-21 15:25:50 0 [Note] InnoDB: Number of pools: 1
2026-01-21 15:25:50 0 [Note] InnoDB: Using SSE2 crc32 instructions
2026-01-21 15:25:50 0 [Note] InnoDB: Initializing buffer pool, total size = 16M, instances = 1, chunk size = 16M
2026-01-21 15:25:50 0 [Note] InnoDB: Completed initialization of buffer pool
2026-01-21 15:25:51 0 [Note] InnoDB: 128 out of 128 rollback segments are active.
2026-01-21 15:25:51 0 [Note] InnoDB: Creating shared tablespace for temporary tables
2026-01-21 15:25:51 0 [Note] InnoDB: Setting file 'C:\xampp\mysql\data\ibtmp1' size to 12 MB. Physically writing the file full; Please wait ...
2026-01-21 15:25:51 0 [Note] InnoDB: File 'C:\xampp\mysql\data\ibtmp1' size is now 12 MB.
2026-01-21 15:25:51 0 [Note] InnoDB: 10.4.32 started; log sequence number 538981; transaction id 876
2026-01-21 15:25:51 0 [Note] InnoDB: Loading buffer pool(s) from C:\xampp\mysql\data\ib_buffer_pool
2026-01-21 15:25:51 0 [Note] Plugin 'FEEDBACK' is disabled.
2026-01-21 15:25:51 0 [Note] Server socket created on IP: '::'.
2026-01-21 15:25:51 0 [Note] InnoDB: Buffer pool(s) load completed at 260121 15:25:51
2026-01-21 15:25:51 0 [Note] Reading of all Master_info entries succeeded
2026-01-21 15:25:51 0 [Note] Added new Master_info '' to hash table
2026-01-21 15:25:51 0 [Note] C:\xampp\mysql\bin\mysqld.exe: ready for connections.
Version: '10.4.32-MariaDB'  socket: ''  port: 3306  mariadb.org binary distribution
